[2026-01-11 17:09:34,810] [INFO] services.image_loader_service | Iniciando ImageLoaderService thread
[2026-01-11 17:11:57,344] [INFO] viewer | Cerrando aplicaci贸n
[2026-01-11 17:11:57,345] [INFO] services.image_loader_service | ImageLoaderService shutdown iniciado
[2026-01-11 17:11:57,345] [DEBUG] services.image_loader_service | Deteniendo worker y thread de ImageLoaderService
[2026-01-11 17:11:57,346] [DEBUG] services.image_loader_service | Thread de ImageLoaderService detenido
[2026-01-11 17:12:54,317] [INFO] services.image_loader_service | Iniciando ImageLoaderService thread
[2026-01-11 17:13:45,968] [INFO] services.image_loader_service | Iniciando ImageLoaderService thread
[2026-01-11 17:15:19,220] [DEBUG] services.image_loader_service | LRU EVICT preview: __schwarz_arknights_drawn_by_oldercat__sample-6a91ae5bc7b2e93874f47d90af554ba5.jpg (514x526)
[2026-01-11 17:15:19,371] [DEBUG] services.image_loader_service | LRU EVICT preview: __march_7th_and_march_7th_honkai_and_1_more_drawn_by_grimmelsdathird__sample-ee0a55227c3a015e95467860a29dedb9.jpg (514x526)
[2026-01-11 17:18:23,700] [DEBUG] services.image_loader_service | LRU EVICT preview: __schwarz_arknights_drawn_by_oldercat__sample-6a91ae5bc7b2e93874f47d90af554ba5.jpg (575x526)
[2026-01-11 17:18:23,747] [DEBUG] services.image_loader_service | LRU EVICT preview: __march_7th_and_march_7th_honkai_and_1_more_drawn_by_grimmelsdathird__sample-ee0a55227c3a015e95467860a29dedb9.jpg (575x526)
[2026-01-11 17:18:23,796] [DEBUG] services.image_loader_service | LRU EVICT preview: 00070-917839743.jpeg (575x526)
[2026-01-11 17:18:26,164] [DEBUG] services.image_loader_service | LRU EVICT preview: 00289-2945644338.jpeg (575x526)
[2026-01-11 17:18:26,208] [DEBUG] services.image_loader_service | LRU EVICT preview: 00054-2870713442.jpeg (575x526)
[2026-01-11 17:18:26,654] [DEBUG] services.image_loader_service | LRU EVICT preview: 1152F1DB22E9A5AB19F9E381A4E2D99546E9C55D65AB4A0C3DB0757281049587.jpeg (564x526)
[2026-01-11 17:18:29,126] [INFO] ui.viewer | Cerrando aplicaci贸n
[2026-01-11 17:18:29,127] [INFO] services.image_loader_service | ImageLoaderService shutdown iniciado
[2026-01-11 17:18:29,127] [DEBUG] services.image_loader_service | Deteniendo worker y thread de ImageLoaderService
[2026-01-11 17:18:29,128] [DEBUG] services.image_loader_service | Thread de ImageLoaderService detenido
[2026-01-11 17:20:59,164] [INFO] services.image_loader_service | Iniciando ImageLoaderService thread
[2026-01-11 17:25:39,976] [DEBUG] services.image_loader_service | LRU EVICT preview: uniforme01.jpg (514x514)
[2026-01-11 17:25:40,012] [DEBUG] services.image_loader_service | LRU EVICT preview: G-ZR43GW8AAhYRh.png (514x514)
[2026-01-11 17:25:40,075] [DEBUG] services.image_loader_service | LRU EVICT preview: b18d1a78c1d6c3b39f3b1fa5eee68163.jpg (514x514)
[2026-01-11 17:25:42,670] [DEBUG] services.image_loader_service | LRU EVICT preview: 0e5078d529d58bab70796a8eb76d753c.jpg (514x514)
[2026-01-11 17:25:44,785] [DEBUG] services.image_loader_service | LRU EVICT preview: 2137855c137bd28b6d7473dc7e71e8a0.jpg (514x514)
[2026-01-11 17:25:45,483] [DEBUG] services.image_loader_service | LRU EVICT preview: G892I0dWcAA2ExY.jpg (514x514)
[2026-01-11 17:25:45,535] [DEBUG] services.image_loader_service | LRU EVICT preview: a96f438cf9c58a28f448d0d3e253dfef.jpg (514x514)
[2026-01-11 17:25:45,581] [DEBUG] services.image_loader_service | LRU EVICT preview: 412d39001f65ce645a1b0e2de2826b3b.jpg (514x514)
[2026-01-11 17:25:50,053] [DEBUG] services.image_loader_service | LRU EVICT preview: G9cPkV_WQAI2u_z.jpg (514x514)
[2026-01-11 17:25:50,116] [DEBUG] services.image_loader_service | LRU EVICT preview: G9dkbLFaYAAZJ0f.jpg (514x514)
[2026-01-11 17:25:50,159] [DEBUG] services.image_loader_service | LRU EVICT preview: vlcsnap-2025-12-31-21h34m17s936.png (514x514)
[2026-01-11 17:25:53,895] [DEBUG] services.image_loader_service | LRU EVICT preview: vlcsnap-2025-12-31-21h31m40s390.png (514x514)
[2026-01-11 17:25:54,406] [DEBUG] services.image_loader_service | LRU EVICT preview: 2026-01-02_Z Image_Turbo_00650_.jpeg (514x514)
[2026-01-11 17:25:54,489] [DEBUG] services.image_loader_service | LRU EVICT preview: G9dkbLFaYAAZJ0f.jpg (632x397)
[2026-01-11 17:26:27,713] [DEBUG] services.image_loader_service | LRU EVICT preview: G9cPkV_WQAI2u_z.jpg (632x397)
[2026-01-11 17:26:28,435] [DEBUG] services.image_loader_service | LRU EVICT preview: vlcsnap-2025-12-31-21h34m17s936.png (632x397)
[2026-01-11 17:26:28,486] [DEBUG] services.image_loader_service | LRU EVICT preview: G9dkbLFaYAAZJ0f.jpg (1251x865)
[2026-01-11 17:26:28,525] [DEBUG] services.image_loader_service | LRU EVICT preview: G9cPkV_WQAI2u_z.jpg (1251x865)
[2026-01-11 17:26:29,942] [DEBUG] services.image_loader_service | LRU EVICT preview: vlcsnap-2025-12-31-21h34m17s936.png (1251x865)
[2026-01-11 17:26:29,961] [DEBUG] services.image_loader_service | LRU EVICT preview: 412d39001f65ce645a1b0e2de2826b3b.jpg (1251x865)
[2026-01-11 17:29:12,235] [INFO] ui.viewer | Cerrando aplicaci贸n
[2026-01-11 17:29:12,235] [INFO] services.image_loader_service | ImageLoaderService shutdown iniciado
[2026-01-11 17:29:12,236] [DEBUG] services.image_loader_service | Deteniendo worker y thread de ImageLoaderService
[2026-01-11 17:29:12,236] [DEBUG] services.image_loader_service | Thread de ImageLoaderService detenido
[2026-01-11 17:29:14,607] [INFO] services.image_loader_service | Iniciando ImageLoaderService thread
[2026-01-11 17:31:16,906] [DEBUG] services.image_loader_service | LRU EVICT preview: uniforme01.jpg (514x514)
[2026-01-11 17:31:17,005] [DEBUG] services.image_loader_service | LRU EVICT preview: G-ZR43GW8AAhYRh.png (514x514)
[2026-01-11 17:31:17,800] [DEBUG] services.image_loader_service | LRU EVICT preview: G892I0dWcAA2ExY.jpg (514x514)
[2026-01-11 17:31:17,836] [DEBUG] services.image_loader_service | LRU EVICT preview: a96f438cf9c58a28f448d0d3e253dfef.jpg (514x514)
[2026-01-11 17:31:17,921] [DEBUG] services.image_loader_service | LRU EVICT preview: 412d39001f65ce645a1b0e2de2826b3b.jpg (514x514)
[2026-01-11 17:31:18,669] [DEBUG] services.image_loader_service | LRU EVICT preview: G9dkbLFaYAAZJ0f.jpg (514x514)
[2026-01-11 17:31:18,709] [DEBUG] services.image_loader_service | LRU EVICT preview: G9cPkV_WQAI2u_z.jpg (514x514)
[2026-01-11 17:31:44,465] [DEBUG] services.image_loader_service | LRU EVICT preview: vlcsnap-2025-12-31-21h34m17s936.png (514x514)
[2026-01-11 17:31:44,507] [DEBUG] services.image_loader_service | LRU EVICT preview: vlcsnap-2025-12-31-21h31m40s390.png (514x514)
[2026-01-11 17:31:45,839] [DEBUG] services.image_loader_service | LRU EVICT preview: 2026-01-02_Z Image_Turbo_00650_.jpeg (514x514)
[2026-01-11 17:31:45,867] [DEBUG] services.image_loader_service | LRU EVICT preview: b18d1a78c1d6c3b39f3b1fa5eee68163.jpg (514x514)
[2026-01-11 17:31:45,903] [DEBUG] services.image_loader_service | LRU EVICT preview: 0e5078d529d58bab70796a8eb76d753c.jpg (514x514)
[2026-01-11 17:31:46,270] [DEBUG] services.image_loader_service | LRU EVICT preview: 2137855c137bd28b6d7473dc7e71e8a0.jpg (514x514)
[2026-01-11 17:31:47,356] [DEBUG] services.image_loader_service | LRU EVICT preview: b08ee87323c7408e7ade8b706467fafc.jpg (514x514)
[2026-01-11 17:31:47,390] [DEBUG] services.image_loader_service | LRU EVICT preview: 01c893a8cacb9726a0b954ef31413bcf.jpg (514x514)
[2026-01-11 17:31:47,519] [DEBUG] services.image_loader_service | LRU EVICT preview: b08ee87323c7408e7ade8b706467fafc.jpg (545x702)
[2026-01-11 17:31:48,058] [DEBUG] services.image_loader_service | LRU EVICT preview: 01c893a8cacb9726a0b954ef31413bcf.jpg (545x702)
[2026-01-11 17:31:52,979] [INFO] ui.viewer | Cerrando aplicaci贸n
[2026-01-11 17:31:52,980] [INFO] services.image_loader_service | ImageLoaderService shutdown iniciado
[2026-01-11 17:31:52,980] [DEBUG] services.image_loader_service | Deteniendo worker y thread de ImageLoaderService
[2026-01-11 17:31:52,981] [DEBUG] services.image_loader_service | Thread de ImageLoaderService detenido
